app-component/build/outputs/logs/manifest-merger-debug-report.txt
-- Merging decision tree log ---
manifest
ADDED from src\main\AndroidManifest.xml:2:1-47:12
INJECTED from src\main\AndroidManifest.xml:2:1-47:12
INJECTED from src\main\AndroidManifest.xml:2:1-47:12
INJECTED from src\main\AndroidManifest.xml:2:1-47:12
MERGED from [:lib-common-business] AndroidManifest.xml:2:1-51:12
MERGED from [:lib-common-core] AndroidManifest.xml:2:1-18:12
MERGED from [:lib-voice] AndroidManifest.xml:2:1-32:12
MERGED from [:lib-widget] AndroidManifest.xml:2:1-11:12
MERGED from [com.billy.android:cc:2.1.1] AndroidManifest.xml:2:1-29:12
MERGED from [com.android.databinding:adapters:3.1.4] AndroidManifest.xml:17:1-24:12
MERGED from [com.android.databinding:library:3.1.4] AndroidManifest.xml:17:1-24:12
MERGED from [com.squareup.leakcanary:leakcanary-android:1.5.4] AndroidManifest.xml:17:1-61:12
MERGED from [com.github.markzhai:blockcanary-android:1.5.0] AndroidManifest.xml:2:1-27:12
MERGED from [com.github.whataa:pandora:v1.2.1] AndroidManifest.xml:2:1-33:12
MERGED from [com.android.support:multidex:1.0.2] AndroidManifest.xml:17:1-22:12
MERGED from [android.arch.lifecycle:extensions:1.1.1] AndroidManifest.xml:17:1-30:12
MERGED from [com.uber.autodispose:autodispose-android-archcomponents:1.0.0-RC1] AndroidManifest.xml:17:1-24:12
MERGED from [com.android.support:design:27.1.1] AndroidManifest.xml:17:1-22:12
MERGED from [com.android.support:appcompat-v7:27.1.1] AndroidManifest.xml:17:1-22:12
MERGED from [com.android.support:animated-vector-drawable:27.1.1] AndroidManifest.xml:17:1-22:12
MERGED from [com.android.support:support-vector-drawable:27.1.1] AndroidManifest.xml:17:1-22:12
MERGED from [github.hellocsl:GalleryLayoutManager:1.0.6] AndroidManifest.xml:2:1-17:12
MERGED from [com.android.support:recyclerview-v7:27.1.1] AndroidManifest.xml:17:1-22:12
MERGED from [com.android.support:support-v4:27.1.1] AndroidManifest.xml:17:1-22:12
MERGED from [com.github.bumptech.glide:glide:4.6.1] AndroidManifest.xml:2:1-13:12
MERGED from [com.android.support:support-fragment:27.1.1] AndroidManifest.xml:17:1-22:12
MERGED from [com.android.support:support-core-ui:27.1.1] AndroidManifest.xml:17:1-22:12
MERGED from [com.android.support:transition:27.1.1] AndroidManifest.xml:17:1-22:12
MERGED from [com.android.support:support-media-compat:27.1.1] AndroidManifest.xml:17:1-22:12
MERGED from [android.arch.persistence.room:rxjava2:1.1.1] AndroidManifest.xml:17:1-22:12
MERGED from [android.arch.persistence.room:runtime:1.1.1] AndroidManifest.xml:17:1-22:12
MERGED from [com.android.support:support-core-utils:27.1.1] AndroidManifest.xml:17:1-22:12
MERGED from [com.android.support:support-compat:27.1.1] AndroidManifest.xml:17:1-22:12
MERGED from [android.arch.lifecycle:runtime:1.1.1] AndroidManifest.xml:17:1-22:12
MERGED from [com.android.support.constraint:constraint-layout:1.1.3] AndroidManifest.xml:2:1-11:12
MERGED from [com.android.support:cardview-v7:27.1.1] AndroidManifest.xml:17:1-22:12
MERGED from [com.github.CymChad:BaseRecyclerViewAdapterHelper:2.9.30] AndroidManifest.xml:2:1-11:12
MERGED from [cn.aigestudio.wheelpicker:WheelPicker:1.1.2] AndroidManifest.xml:2:1-12:12
MERGED from [com.contrarywind:Android-PickerView:4.1.6] AndroidManifest.xml:2:1-11:12
MERGED from [com.facebook.stetho:stetho-okhttp3:1.5.0] AndroidManifest.xml:2:1-13:12
MERGED from [com.uber.autodispose:autodispose-android:1.0.0-RC1] AndroidManifest.xml:17:1-24:12
MERGED from [io.reactivex.rxjava2:rxandroid:2.0.2] AndroidManifest.xml:15:1-21:12
MERGED from [com.polidea.rxandroidble2:rxandroidble:1.6.0] AndroidManifest.xml:2:1-18:12
MERGED from [me.jessyan:retrofit-url-manager:1.4.0] AndroidManifest.xml:2:1-11:12
MERGED from [com.tbruyelle.rxpermissions2:rxpermissions:0.9.5] AndroidManifest.xml:2:1-13:12
MERGED from [org.litepal.android:core:1.5.1] AndroidManifest.xml:2:1-16:12
MERGED from [com.jakewharton.timber:timber:4.7.0] AndroidManifest.xml:2:1-9:12
MERGED from [in.srain.cube:ultra-ptr:1.0.11] AndroidManifest.xml:2:1-13:12
MERGED from [com.facebook.stetho:stetho:1.5.0] AndroidManifest.xml:2:1-13:12
MERGED from [com.tencent.bugly:crashreport:2.8.6.0] AndroidManifest.xml:2:1-9:12
MERGED from [com.tencent.bugly:nativecrashreport:3.6.0.1] AndroidManifest.xml:2:1-9:12
MERGED from [com.billy.android:pools:0.0.5] AndroidManifest.xml:2:1-12:12
MERGED from [com.squareup.leakcanary:leakcanary-analyzer:1.5.4] AndroidManifest.xml:17:1-25:12
MERGED from [com.github.markzhai:blockcanary-analyzer:1.5.0] AndroidManifest.xml:2:1-17:12
MERGED from [com.github.mmin18:realtimeblurview:1.1.0] AndroidManifest.xml:2:1-11:12
MERGED from [android.arch.lifecycle:livedata:1.1.1] AndroidManifest.xml:17:1-22:12
MERGED from [android.arch.lifecycle:livedata-core:1.1.1] AndroidManifest.xml:17:1-22:12
MERGED from [android.arch.core:runtime:1.1.1] AndroidManifest.xml:17:1-22:12
MERGED from [android.arch.lifecycle:viewmodel:1.1.1] AndroidManifest.xml:17:1-22:12
MERGED from [com.github.bumptech.glide:gifdecoder:4.6.1] AndroidManifest.xml:2:1-11:12
MERGED from [android.arch.persistence:db-framework:1.1.1] AndroidManifest.xml:17:1-22:12
MERGED from [android.arch.persistence:db:1.1.1] AndroidManifest.xml:17:1-22:12
MERGED from [com.contrarywind:wheelview:4.0.8] AndroidManifest.xml:2:1-17:12
INJECTED from src\main\AndroidManifest.xml:2:1-47:12
INJECTED from src\main\AndroidManifest.xml:2:1-47:12
INJECTED from src\main\AndroidManifest.xml:2:1-47:12
	package
		ADDED from src\main\AndroidManifest.xml:4:5-35
		INJECTED from src\main\AndroidManifest.xml
		INJECTED from src\main\AndroidManifest.xml
	android:versionName
		INJECTED from src\main\AndroidManifest.xml
		ADDED from src\main\AndroidManifest.xml:2:1-47:12
		INJECTED from src\main\AndroidManifest.xml
	xmlns:tools
		ADDED from src\main\AndroidManifest.xml:3:5-51
	android:versionCode
		INJECTED from src\main\AndroidManifest.xml
		ADDED from src\main\AndroidManifest.xml:2:1-47:12
		INJECTED from src\main\AndroidManifest.xml
	xmlns:android
		ADDED from src\main\AndroidManifest.xml:2:11-69
uses-sdk
ADDED from src\main\AndroidManifest.xml:6:5-7:28
INJECTED from src\main\AndroidManifest.xml:6:5-7:28
INJECTED from src\main\AndroidManifest.xml:6:5-7:28
MERGED from [:lib-common-business] AndroidManifest.xml:8:5-10:41
MERGED from [:lib-common-business] AndroidManifest.xml:8:5-10:41
MERGED from [:lib-common-core] AndroidManifest.xml:7:5-9:41
MERGED from [:lib-common-core] AndroidManifest.xml:7:5-9:41
MERGED from [:lib-voice] AndroidManifest.xml:7:5-9:41
MERGED from [:lib-voice] AndroidManifest.xml:7:5-9:41
MERGED from [:lib-widget] AndroidManifest.xml:7:5-9:41
MERGED from [:lib-widget] AndroidManifest.xml:7:5-9:41
MERGED from [com.billy.android:cc:2.1.1] AndroidManifest.xml:7:5-9:41
MERGED from [com.billy.android:cc:2.1.1] AndroidManifest.xml:7:5-9:41
MERGED from [com.android.databinding:adapters:3.1.4] AndroidManifest.xml:22:5-44
MERGED from [com.android.databinding:adapters:3.1.4] AndroidManifest.xml:22:5-44
MERGED from [com.android.databinding:library:3.1.4] AndroidManifest.xml:22:5-44
MERGED from [com.android.databinding:library:3.1.4] AndroidManifest.xml:22:5-44
MERGED from [com.squareup.leakcanary:leakcanary-android:1.5.4] AndroidManifest.xml:20:5-44
MERGED from [com.squareup.leakcanary:leakcanary-android:1.5.4] AndroidManifest.xml:20:5-44
MERGED from [com.github.markzhai:blockcanary-android:1.5.0] AndroidManifest.xml:7:5-9:41
MERGED from [com.github.markzhai:blockcanary-android:1.5.0] AndroidManifest.xml:7:5-9:41
MERGED from [com.github.whataa:pandora:v1.2.1] AndroidManifest.xml:7:5-9:41
MERGED from [com.github.whataa:pandora:v1.2.1] AndroidManifest.xml:7:5-9:41
MERGED from [com.android.support:multidex:1.0.2] AndroidManifest.xml:20:5-43
MERGED from [com.android.support:multidex:1.0.2] AndroidManifest.xml:20:5-43
MERGED from [android.arch.lifecycle:extensions:1.1.1] AndroidManifest.xml:20:5-44
MERGED from [android.arch.lifecycle:extensions:1.1.1] AndroidManifest.xml:20:5-44
MERGED from [com.uber.autodispose:autodispose-android-archcomponents:1.0.0-RC1] AndroidManifest.xml:20:5-22:41
MERGED from [com.uber.autodispose:autodispose-android-archcomponents:1.0.0-RC1] AndroidManifest.xml:20:5-22:41
MERGED from [com.android.support:design:27.1.1] AndroidManifest.xml:20:5-44
MERGED from [com.android.support:design:27.1.1] AndroidManifest.xml:20:5-44
MERGED from [com.android.support:appcompat-v7:27.1.1] AndroidManifest.xml:20:5-44
MERGED from [com.android.support:appcompat-v7:27.1.1] AndroidManifest.xml:20:5-44
MERGED from [com.android.support:animated-vector-drawable:27.1.1] AndroidManifest.xml:20:5-44
MERGED from [com.android.support:animated-vector-drawable:27.1.1] AndroidManifest.xml:20:5-44
MERGED from [com.android.support:support-vector-drawable:27.1.1] AndroidManifest.xml:20:5-44
MERGED from [com.android.support:support-vector-drawable:27.1.1] AndroidManifest.xml:20:5-44
MERGED from [github.hellocsl:GalleryLayoutManager:1.0.6] AndroidManifest.xml:7:5-9:41
MERGED from [github.hellocsl:GalleryLayoutManager:1.0.6] AndroidManifest.xml:7:5-9:41
MERGED from [com.android.support:recyclerview-v7:27.1.1] AndroidManifest.xml:20:5-44
MERGED from [com.android.support:recyclerview-v7:27.1.1] AndroidManifest.xml:20:5-44
MERGED from [com.android.support:support-v4:27.1.1] AndroidManifest.xml:20:5-44
MERGED from [com.android.support:support-v4:27.1.1] AndroidManifest.xml:20:5-44
MERGED from [com.github.bumptech.glide:glide:4.6.1] AndroidManifest.xml:7:5-9:41
MERGED from [com.github.bumptech.glide:glide:4.6.1] AndroidManifest.xml:7:5-9:41
MERGED from [com.android.support:support-fragment:27.1.1] AndroidManifest.xml:20:5-44
MERGED from [com.android.support:support-fragment:27.1.1] AndroidManifest.xml:20:5-44
MERGED from [com.android.support:support-core-ui:27.1.1] AndroidManifest.xml:20:5-44
MERGED from [com.android.support:support-core-ui:27.1.1] AndroidManifest.xml:20:5-44
MERGED from [com.android.support:transition:27.1.1] AndroidManifest.xml:20:5-44
MERGED from [com.android.support:transition:27.1.1] AndroidManifest.xml:20:5-44
MERGED from [com.android.support:support-media-compat:27.1.1] AndroidManifest.xml:20:5-44
MERGED from [com.android.support:support-media-compat:27.1.1] AndroidManifest.xml:20:5-44
MERGED from [android.arch.persistence.room:rxjava2:1.1.1] AndroidManifest.xml:20:5-44
MERGED from [android.arch.persistence.room:rxjava2:1.1.1] AndroidManifest.xml:20:5-44
MERGED from [android.arch.persistence.room:runtime:1.1.1] AndroidManifest.xml:20:5-44
MERGED from [android.arch.persistence.room:runtime:1.1.1] AndroidManifest.xml:20:5-44
MERGED from [com.android.support:support-core-utils:27.1.1] AndroidManifest.xml:20:5-44
MERGED from [com.android.support:support-core-utils:27.1.1] AndroidManifest.xml:20:5-44
MERGED from [com.android.support:support-compat:27.1.1] AndroidManifest.xml:20:5-44
MERGED from [com.android.support:support-compat:27.1.1] AndroidManifest.xml:20:5-44
MERGED from [android.arch.lifecycle:runtime:1.1.1] AndroidManifest.xml:20:5-44
MERGED from [android.arch.lifecycle:runtime:1.1.1] AndroidManifest.xml:20:5-44
MERGED from [com.android.support.constraint:constraint-layout:1.1.3] AndroidManifest.xml:5:5-7:41
MERGED from [com.android.support.constraint:constraint-layout:1.1.3] AndroidManifest.xml:5:5-7:41
MERGED from [com.android.support:cardview-v7:27.1.1] AndroidManifest.xml:20:5-44
MERGED from [com.android.support:cardview-v7:27.1.1] AndroidManifest.xml:20:5-44
MERGED from [com.github.CymChad:BaseRecyclerViewAdapterHelper:2.9.30] AndroidManifest.xml:7:5-9:41
MERGED from [com.github.CymChad:BaseRecyclerViewAdapterHelper:2.9.30] AndroidManifest.xml:7:5-9:41
MERGED from [cn.aigestudio.wheelpicker:WheelPicker:1.1.2] AndroidManifest.xml:8:5-10:41
MERGED from [cn.aigestudio.wheelpicker:WheelPicker:1.1.2] AndroidManifest.xml:8:5-10:41
MERGED from [com.contrarywind:Android-PickerView:4.1.6] AndroidManifest.xml:7:5-9:41
MERGED from [com.contrarywind:Android-PickerView:4.1.6] AndroidManifest.xml:7:5-9:41
MERGED from [com.facebook.stetho:stetho-okhttp3:1.5.0] AndroidManifest.xml:7:5-9:41
MERGED from [com.facebook.stetho:stetho-okhttp3:1.5.0] AndroidManifest.xml:7:5-9:41
MERGED from [com.uber.autodispose:autodispose-android:1.0.0-RC1] AndroidManifest.xml:20:5-22:41
MERGED from [com.uber.autodispose:autodispose-android:1.0.0-RC1] AndroidManifest.xml:20:5-22:41
MERGED from [io.reactivex.rxjava2:rxandroid:2.0.2] AndroidManifest.xml:19:5-43
MERGED from [io.reactivex.rxjava2:rxandroid:2.0.2] AndroidManifest.xml:19:5-43
MERGED from [com.polidea.rxandroidble2:rxandroidble:1.6.0] AndroidManifest.xml:7:5-9:41
MERGED from [com.polidea.rxandroidble2:rxandroidble:1.6.0] AndroidManifest.xml:7:5-9:41
MERGED from [me.jessyan:retrofit-url-manager:1.4.0] AndroidManifest.xml:7:5-9:41
MERGED from [me.jessyan:retrofit-url-manager:1.4.0] AndroidManifest.xml:7:5-9:41
MERGED from [com.tbruyelle.rxpermissions2:rxpermissions:0.9.5] AndroidManifest.xml:7:5-9:41
MERGED from [com.tbruyelle.rxpermissions2:rxpermissions:0.9.5] AndroidManifest.xml:7:5-9:41
MERGED from [org.litepal.android:core:1.5.1] AndroidManifest.xml:7:5-9:41
MERGED from [org.litepal.android:core:1.5.1] AndroidManifest.xml:7:5-9:41
MERGED from [com.jakewharton.timber:timber:4.7.0] AndroidManifest.xml:5:5-43
MERGED from [com.jakewharton.timber:timber:4.7.0] AndroidManifest.xml:5:5-43
MERGED from [in.srain.cube:ultra-ptr:1.0.11] AndroidManifest.xml:7:5-9:41
MERGED from [in.srain.cube:ultra-ptr:1.0.11] AndroidManifest.xml:7:5-9:41
MERGED from [com.facebook.stetho:stetho:1.5.0] AndroidManifest.xml:7:5-9:41
MERGED from [com.facebook.stetho:stetho:1.5.0] AndroidManifest.xml:7:5-9:41
MERGED from [com.tencent.bugly:crashreport:2.8.6.0] AndroidManifest.xml:5:5-7:41
MERGED from [com.tencent.bugly:crashreport:2.8.6.0] AndroidManifest.xml:5:5-7:41
MERGED from [com.tencent.bugly:nativecrashreport:3.6.0.1] AndroidManifest.xml:5:5-7:41
MERGED from [com.tencent.bugly:nativecrashreport:3.6.0.1] AndroidManifest.xml:5:5-7:41
MERGED from [com.billy.android:pools:0.0.5] AndroidManifest.xml:6:5-8:41
MERGED from [com.billy.android:pools:0.0.5] AndroidManifest.xml:6:5-8:41
MERGED from [com.squareup.leakcanary:leakcanary-analyzer:1.5.4] AndroidManifest.xml:21:5-44
MERGED from [com.squareup.leakcanary:leakcanary-analyzer:1.5.4] AndroidManifest.xml:21:5-44
MERGED from [com.github.markzhai:blockcanary-analyzer:1.5.0] AndroidManifest.xml:7:5-9:41
MERGED from [com.github.markzhai:blockcanary-analyzer:1.5.0] AndroidManifest.xml:7:5-9:41
MERGED from [com.github.mmin18:realtimeblurview:1.1.0] AndroidManifest.xml:7:5-9:41
MERGED from [com.github.mmin18:realtimeblurview:1.1.0] AndroidManifest.xml:7:5-9:41
MERGED from [android.arch.lifecycle:livedata:1.1.1] AndroidManifest.xml:20:5-44
MERGED from [android.arch.lifecycle:livedata:1.1.1] AndroidManifest.xml:20:5-44
MERGED from [android.arch.lifecycle:livedata-core:1.1.1] AndroidManifest.xml:20:5-44
MERGED from [android.arch.lifecycle:livedata-core:1.1.1] AndroidManifest.xml:20:5-44
MERGED from [android.arch.core:runtime:1.1.1] AndroidManifest.xml:20:5-44
MERGED from [android.arch.core:runtime:1.1.1] AndroidManifest.xml:20:5-44
MERGED from [android.arch.lifecycle:viewmodel:1.1.1] AndroidManifest.xml:20:5-44
MERGED from [android.arch.lifecycle:viewmodel:1.1.1] AndroidManifest.xml:20:5-44
MERGED from [com.github.bumptech.glide:gifdecoder:4.6.1] AndroidManifest.xml:5:5-7:41
MERGED from [com.github.bumptech.glide:gifdecoder:4.6.1] AndroidManifest.xml:5:5-7:41
MERGED from [android.arch.persistence:db-framework:1.1.1] AndroidManifest.xml:20:5-44
MERGED from [android.arch.persistence:db-framework:1.1.1] AndroidManifest.xml:20:5-44
MERGED from [android.arch.persistence:db:1.1.1] AndroidManifest.xml:20:5-44
MERGED from [android.arch.persistence:db:1.1.1] AndroidManifest.xml:20:5-44
MERGED from [com.contrarywind:wheelview:4.0.8] AndroidManifest.xml:7:5-9:41
MERGED from [com.contrarywind:wheelview:4.0.8] AndroidManifest.xml:7:5-9:41
INJECTED from src\main\AndroidManifest.xml:6:5-7:28
INJECTED from src\main\AndroidManifest.xml:6:5-7:28
	tools:overrideLibrary
		ADDED from src\main\AndroidManifest.xml:6:5-7:28
	android:targetSdkVersion
		INJECTED from src\main\AndroidManifest.xml
		ADDED from src\main\AndroidManifest.xml:6:5-7:28
		INJECTED from src\main\AndroidManifest.xml
	android:minSdkVersion
		INJECTED from src\main\AndroidManifest.xml
		ADDED from src\main\AndroidManifest.xml:6:5-7:28
		INJECTED from src\main\AndroidManifest.xml
uses-permission#android.permission.READ_EXTERNAL_STORAGE
ADDED from src\main\AndroidManifest.xml:9:5-80
MERGED from [:lib-common-core] AndroidManifest.xml:12:5-80
MERGED from [:lib-common-core] AndroidManifest.xml:12:5-80
MERGED from [:lib-voice] AndroidManifest.xml:21:5-80
MERGED from [:lib-voice] AndroidManifest.xml:21:5-80
MERGED from [com.squareup.leakcanary:leakcanary-android:1.5.4] AndroidManifest.xml:23:5-80
MERGED from [com.squareup.leakcanary:leakcanary-android:1.5.4] AndroidManifest.xml:23:5-80
	android:name
		ADDED from src\main\AndroidManifest.xml:9:22-77
uses-permission#android.permission.WRITE_EXTERNAL_STORAGE
ADDED from src\main\AndroidManifest.xml:10:5-81
MERGED from [:lib-common-business] AndroidManifest.xml:26:5-81
MERGED from [:lib-common-business] AndroidManifest.xml:26:5-81
MERGED from [:lib-common-core] AndroidManifest.xml:13:5-81
MERGED from [:lib-common-core] AndroidManifest.xml:13:5-81
MERGED from [:lib-voice] AndroidManifest.xml:19:5-81
MERGED from [:lib-voice] AndroidManifest.xml:19:5-81
MERGED from [com.squareup.leakcanary:leakcanary-android:1.5.4] AndroidManifest.xml:24:5-81
MERGED from [com.squareup.leakcanary:leakcanary-android:1.5.4] AndroidManifest.xml:24:5-81
MERGED from [com.github.markzhai:blockcanary-analyzer:1.5.0] AndroidManifest.xml:12:5-81
MERGED from [com.github.markzhai:blockcanary-analyzer:1.5.0] AndroidManifest.xml:12:5-81
	android:name
		ADDED from src\main\AndroidManifest.xml:10:22-78
uses-permission#android.permission.INTERNET
ADDED from src\main\AndroidManifest.xml:12:5-67
MERGED from [:lib-common-business] AndroidManifest.xml:28:5-67
MERGED from [:lib-common-business] AndroidManifest.xml:28:5-67
MERGED from [:lib-voice] AndroidManifest.xml:12:5-67
MERGED from [:lib-voice] AndroidManifest.xml:12:5-67
	android:name
		ADDED from src\main\AndroidManifest.xml:12:22-64
uses-permission#android.permission.CAMERA
ADDED from src\main\AndroidManifest.xml:14:5-65
	android:name
		ADDED from src\main\AndroidManifest.xml:14:22-62
uses-feature#android.hardware.camera
ADDED from src\main\AndroidManifest.xml:16:5-60
	android:name
		ADDED from src\main\AndroidManifest.xml:16:19-57
uses-feature#android.hardware.camera.autofocus
ADDED from src\main\AndroidManifest.xml:17:5-70
	android:name
		ADDED from src\main\AndroidManifest.xml:17:19-67
uses-permission#android.permission.READ_PHONE_STATE
ADDED from src\main\AndroidManifest.xml:19:5-75
MERGED from [:lib-common-business] AndroidManifest.xml:24:5-75
MERGED from [:lib-common-business] AndroidManifest.xml:24:5-75
MERGED from [:lib-voice] AndroidManifest.xml:16:5-75
MERGED from [:lib-voice] AndroidManifest.xml:16:5-75
MERGED from [com.github.markzhai:blockcanary-analyzer:1.5.0] AndroidManifest.xml:13:5-75
MERGED from [com.github.markzhai:blockcanary-analyzer:1.5.0] AndroidManifest.xml:13:5-75
	android:name
		ADDED from src\main\AndroidManifest.xml:19:22-72
application
ADDED from src\main\AndroidManifest.xml:21:5-45:19
MERGED from [:lib-common-business] AndroidManifest.xml:34:5-49:19
MERGED from [:lib-common-business] AndroidManifest.xml:34:5-49:19
MERGED from [:lib-common-core] AndroidManifest.xml:15:5-16:19
MERGED from [:lib-common-core] AndroidManifest.xml:15:5-16:19
MERGED from [:lib-voice] AndroidManifest.xml:25:5-30:19
MERGED from [:lib-voice] AndroidManifest.xml:25:5-30:19
MERGED from [com.billy.android:cc:2.1.1] AndroidManifest.xml:11:5-27:19
MERGED from [com.billy.android:cc:2.1.1] AndroidManifest.xml:11:5-27:19
MERGED from [com.squareup.leakcanary:leakcanary-android:1.5.4] AndroidManifest.xml:26:5-59:19
MERGED from [com.squareup.leakcanary:leakcanary-android:1.5.4] AndroidManifest.xml:26:5-59:19
MERGED from [com.github.markzhai:blockcanary-android:1.5.0] AndroidManifest.xml:11:5-25:19
MERGED from [com.github.markzhai:blockcanary-android:1.5.0] AndroidManifest.xml:11:5-25:19
MERGED from [com.github.whataa:pandora:v1.2.1] AndroidManifest.xml:13:5-31:19
MERGED from [com.github.whataa:pandora:v1.2.1] AndroidManifest.xml:13:5-31:19
MERGED from [android.arch.lifecycle:extensions:1.1.1] AndroidManifest.xml:22:5-28:19
MERGED from [android.arch.lifecycle:extensions:1.1.1] AndroidManifest.xml:22:5-28:19
MERGED from [github.hellocsl:GalleryLayoutManager:1.0.6] AndroidManifest.xml:11:5-15:19
MERGED from [github.hellocsl:GalleryLayoutManager:1.0.6] AndroidManifest.xml:11:5-15:19
MERGED from [com.github.bumptech.glide:glide:4.6.1] AndroidManifest.xml:11:5-20
MERGED from [com.github.bumptech.glide:glide:4.6.1] AndroidManifest.xml:11:5-20
MERGED from [com.android.support.constraint:constraint-layout:1.1.3] AndroidManifest.xml:9:5-20
MERGED from [com.android.support.constraint:constraint-layout:1.1.3] AndroidManifest.xml:9:5-20
MERGED from [com.facebook.stetho:stetho-okhttp3:1.5.0] AndroidManifest.xml:11:5-20
MERGED from [com.facebook.stetho:stetho-okhttp3:1.5.0] AndroidManifest.xml:11:5-20
MERGED from [com.polidea.rxandroidble2:rxandroidble:1.6.0] AndroidManifest.xml:16:5-53
MERGED from [com.polidea.rxandroidble2:rxandroidble:1.6.0] AndroidManifest.xml:16:5-53
MERGED from [com.tbruyelle.rxpermissions2:rxpermissions:0.9.5] AndroidManifest.xml:11:5-20
MERGED from [com.tbruyelle.rxpermissions2:rxpermissions:0.9.5] AndroidManifest.xml:11:5-20
MERGED from [org.litepal.android:core:1.5.1] AndroidManifest.xml:11:5-14:19
MERGED from [org.litepal.android:core:1.5.1] AndroidManifest.xml:11:5-14:19
MERGED from [com.jakewharton.timber:timber:4.7.0] AndroidManifest.xml:7:5-20
MERGED from [com.jakewharton.timber:timber:4.7.0] AndroidManifest.xml:7:5-20
MERGED from [in.srain.cube:ultra-ptr:1.0.11] AndroidManifest.xml:11:5-20
MERGED from [in.srain.cube:ultra-ptr:1.0.11] AndroidManifest.xml:11:5-20
MERGED from [com.facebook.stetho:stetho:1.5.0] AndroidManifest.xml:11:5-20
MERGED from [com.facebook.stetho:stetho:1.5.0] AndroidManifest.xml:11:5-20
MERGED from [com.billy.android:pools:0.0.5] AndroidManifest.xml:10:5-20
MERGED from [com.billy.android:pools:0.0.5] AndroidManifest.xml:10:5-20
MERGED from [com.squareup.leakcanary:leakcanary-analyzer:1.5.4] AndroidManifest.xml:23:5-20
MERGED from [com.squareup.leakcanary:leakcanary-analyzer:1.5.4] AndroidManifest.xml:23:5-20
MERGED from [com.github.markzhai:blockcanary-analyzer:1.5.0] AndroidManifest.xml:15:5-20
MERGED from [com.github.markzhai:blockcanary-analyzer:1.5.0] AndroidManifest.xml:15:5-20
MERGED from [com.github.bumptech.glide:gifdecoder:4.6.1] AndroidManifest.xml:9:5-20
MERGED from [com.github.bumptech.glide:gifdecoder:4.6.1] AndroidManifest.xml:9:5-20
MERGED from [com.contrarywind:wheelview:4.0.8] AndroidManifest.xml:11:5-15:19
MERGED from [com.contrarywind:wheelview:4.0.8] AndroidManifest.xml:11:5-15:19
	android:supportsRtl
		ADDED from src\main\AndroidManifest.xml:27:9-35
	android:label
		ADDED from src\main\AndroidManifest.xml:25:9-41
	android:roundIcon
		ADDED from src\main\AndroidManifest.xml:26:9-54
	android:icon
		ADDED from src\main\AndroidManifest.xml:24:9-43
	android:allowBackup
		ADDED from src\main\AndroidManifest.xml:23:9-35
	android:theme
		ADDED from src\main\AndroidManifest.xml:28:9-40
	android:name
		ADDED from src\main\AndroidManifest.xml:22:9-57
activity#com.gcml.common.MainActivity
ADDED from src\main\AndroidManifest.xml:29:9-31:20
	android:name
		ADDED from src\main\AndroidManifest.xml:29:19-62
activity#com.gcml.common.repository.RepositoryActivity
ADDED from src\main\AndroidManifest.xml:32:9-82
	android:name
		ADDED from src\main\AndroidManifest.xml:32:19-79
activity#com.gcml.common.app.AppActivity
ADDED from src\main\AndroidManifest.xml:33:9-68
	android:name
		ADDED from src\main\AndroidManifest.xml:33:19-65
activity#com.gcml.common.mvvm.MvvmActivity
ADDED from src\main\AndroidManifest.xml:34:9-70
	android:name
		ADDED from src\main\AndroidManifest.xml:34:19-67
activity#com.gcml.common.dialog.DialogActivity
ADDED from src\main\AndroidManifest.xml:35:9-74
	android:name
		ADDED from src\main\AndroidManifest.xml:35:19-71
activity#com.gcml.common.gzq.TestFingerActivity
ADDED from src\main\AndroidManifest.xml:36:9-44:20
	android:name
		ADDED from src\main\AndroidManifest.xml:36:19-72
intent-filter#action:name:android.intent.action.MAIN+category:name:android.intent.category.DEFAULT+category:name:android.intent.category.HOME+category:name:android.intent.category.LAUNCHER
ADDED from src\main\AndroidManifest.xml:37:13-43:29
action#android.intent.action.MAIN
ADDED from src\main\AndroidManifest.xml:38:17-69
	android:name
		ADDED from src\main\AndroidManifest.xml:38:25-66
category#android.intent.category.HOME
ADDED from src\main\AndroidManifest.xml:40:17-73
	android:name
		ADDED from src\main\AndroidManifest.xml:40:27-70
category#android.intent.category.LAUNCHER
ADDED from src\main\AndroidManifest.xml:41:17-77
	android:name
		ADDED from src\main\AndroidManifest.xml:41:27-74
category#android.intent.category.DEFAULT
ADDED from src\main\AndroidManifest.xml:42:17-76
	android:name
		ADDED from src\main\AndroidManifest.xml:42:27-73
uses-permission#android.permission.ACCESS_COARSE_LOCATION
ADDED from [:lib-common-business] AndroidManifest.xml:14:5-81
MERGED from [:lib-voice] AndroidManifest.xml:23:5-81
MERGED from [:lib-voice] AndroidManifest.xml:23:5-81
	android:name
		ADDED from [:lib-common-business] AndroidManifest.xml:14:22-78
uses-permission#android.permission.ACCESS_FINE_LOCATION
ADDED from [:lib-common-business] AndroidManifest.xml:16:5-79
MERGED from [:lib-voice] AndroidManifest.xml:17:5-79
MERGED from [:lib-voice] AndroidManifest.xml:17:5-79
MERGED from [:lib-voice] AndroidManifest.xml:22:5-79
MERGED from [:lib-voice] AndroidManifest.xml:22:5-79
	android:name
		ADDED from [:lib-common-business] AndroidManifest.xml:16:22-76
uses-permission#android.permission.ACCESS_WIFI_STATE
ADDED from [:lib-common-business] AndroidManifest.xml:18:5-76
MERGED from [:lib-voice] AndroidManifest.xml:14:5-76
MERGED from [:lib-voice] AndroidManifest.xml:14:5-76
	android:name
		ADDED from [:lib-common-business] AndroidManifest.xml:18:22-73
uses-permission#android.permission.ACCESS_NETWORK_STATE
ADDED from [:lib-common-business] AndroidManifest.xml:20:5-79
MERGED from [:lib-voice] AndroidManifest.xml:13:5-79
MERGED from [:lib-voice] AndroidManifest.xml:13:5-79
	android:name
		ADDED from [:lib-common-business] AndroidManifest.xml:20:22-76
uses-permission#android.permission.CHANGE_WIFI_STATE
ADDED from [:lib-common-business] AndroidManifest.xml:22:5-76
	android:name
		ADDED from [:lib-common-business] AndroidManifest.xml:22:22-73
uses-permission#android.permission.MOUNT_UNMOUNT_FILESYSTEMS
ADDED from [:lib-common-business] AndroidManifest.xml:30:5-32:47
	tools:ignore
		ADDED from [:lib-common-business] AndroidManifest.xml:32:9-44
	android:name
		ADDED from [:lib-common-business] AndroidManifest.xml:31:9-68
meta-data#com.gcml.common.CommonApp
ADDED from [:lib-common-business] AndroidManifest.xml:35:9-37:53
	android:value
		ADDED from [:lib-common-business] AndroidManifest.xml:37:13-50
	android:name
		ADDED from [:lib-common-business] AndroidManifest.xml:36:13-53
meta-data#com.gcml.common.CommonRepositoryConfig
ADDED from [:lib-common-business] AndroidManifest.xml:38:9-40:48
	android:value
		ADDED from [:lib-common-business] AndroidManifest.xml:40:13-45
	android:name
		ADDED from [:lib-common-business] AndroidManifest.xml:39:13-66
meta-data#com.baidu.lbsapi.API_KEY
ADDED from [:lib-common-business] AndroidManifest.xml:41:9-43:64
	android:value
		ADDED from [:lib-common-business] AndroidManifest.xml:43:13-61
	android:name
		ADDED from [:lib-common-business] AndroidManifest.xml:42:13-52
service#com.baidu.location.f
ADDED from [:lib-common-business] AndroidManifest.xml:45:9-48:41
	android:process
		ADDED from [:lib-common-business] AndroidManifest.xml:48:13-38
	android:enabled
		ADDED from [:lib-common-business] AndroidManifest.xml:47:13-35
	android:name
		ADDED from [:lib-common-business] AndroidManifest.xml:46:13-48
uses-permission#android.permission.RECORD_AUDIO
ADDED from [:lib-voice] AndroidManifest.xml:11:5-71
	android:name
		ADDED from [:lib-voice] AndroidManifest.xml:11:22-68
uses-permission#android.permission.CHANGE_NETWORK_STATE
ADDED from [:lib-voice] AndroidManifest.xml:15:5-79
	android:name
		ADDED from [:lib-voice] AndroidManifest.xml:15:22-76
uses-permission#android.permission.READ_CONTACTS
ADDED from [:lib-voice] AndroidManifest.xml:18:5-72
	android:name
		ADDED from [:lib-voice] AndroidManifest.xml:18:22-69
uses-permission#android.permission.WRITE_SETTINGS
ADDED from [:lib-voice] AndroidManifest.xml:20:5-73
	android:name
		ADDED from [:lib-voice] AndroidManifest.xml:20:22-70
provider#com.billy.cc.core.component.remote.RemoteProvider
ADDED from [com.billy.android:cc:2.1.1] AndroidManifest.xml:12:9-15:39
	android:authorities
		ADDED from [com.billy.android:cc:2.1.1] AndroidManifest.xml:14:13-76
	android:exported
		ADDED from [com.billy.android:cc:2.1.1] AndroidManifest.xml:15:13-36
	android:name
		ADDED from [com.billy.android:cc:2.1.1] AndroidManifest.xml:13:13-77
activity#com.billy.cc.core.component.remote.RemoteConnectionActivity
ADDED from [com.billy.android:cc:2.1.1] AndroidManifest.xml:17:9-26:20
	android:excludeFromRecents
		ADDED from [com.billy.android:cc:2.1.1] AndroidManifest.xml:19:13-46
	android:exported
		ADDED from [com.billy.android:cc:2.1.1] AndroidManifest.xml:20:13-36
	android:theme
		ADDED from [com.billy.android:cc:2.1.1] AndroidManifest.xml:22:13-72
	android:taskAffinity
		ADDED from [com.billy.android:cc:2.1.1] AndroidManifest.xml:21:13-59
	android:name
		ADDED from [com.billy.android:cc:2.1.1] AndroidManifest.xml:18:13-87
intent-filter#action:name:action.com.billy.cc.connection
ADDED from [com.billy.android:cc:2.1.1] AndroidManifest.xml:23:13-25:29